<?xml version="1.0" encoding="UTF-8" ?>
<testsuites>
 <testsuite name="First test" timestamp="2018-11-14T11:23:21" hostname="localhost" time="1.214" errors="0" tests="1" skipped="0" disabled="0" failures="0">
  <testcase classname="First test" name="TID-1;Test Examples" time="1.204" />
 </testsuite>
</testsuites>